<?xml version="1.0" encoding="utf-8"?><testsuites name="pytest tests"><testsuite name="pytest" errors="0" failures="0" skipped="0" tests="6" time="1.617" timestamp="2026-07-14T08:59:26.006096+00:00" hostname="agent-env-8e22202a-0207-4f34-a711-8951b12c16cd"><testcase classname="backend.tests.test_iteration4.TestSeededDiscounts" name="test_seeded_products_have_discounts_array_and_default" time="0.245" /><testcase classname="backend.tests.test_iteration4.TestProductDiscountsCRUD" name="test_create_persists_discounts_and_default" time="0.296" /><testcase classname="backend.tests.test_iteration4.TestProductDiscountsCRUD" name="test_create_without_discounts_defaults_to_empty" time="0.080" /><testcase classname="backend.tests.test_iteration4.TestOrderChosenDiscount" name="test_order_uses_chosen_non_default_discount" time="0.290" /><testcase classname="backend.tests.test_iteration4.TestOrderChosenDiscount" name="test_order_uses_product_default_when_untouched" time="0.239" /><testcase classname="backend.tests.test_iteration4.TestOrderChosenDiscount" name="test_order_zero_discount_choice" time="0.282" /></testsuite></testsuites>