<?xml version="1.0" encoding="utf-8"?><testsuites name="pytest tests"><testsuite name="pytest" errors="0" failures="0" skipped="0" tests="5" time="1.315" timestamp="2026-07-06T17:37:16.152292+00:00" hostname="agent-env-8e22202a-0207-4f34-a711-8951b12c16cd"><testcase classname="backend.tests.test_iteration3.TestProductDiscount" name="test_seeded_discounts_correct" time="0.319" /><testcase classname="backend.tests.test_iteration3.TestProductDiscount" name="test_create_product_persists_discount" time="0.275" /><testcase classname="backend.tests.test_iteration3.TestCustomerContact" name="test_seeded_customers_have_phone_address_pib" time="0.050" /><testcase classname="backend.tests.test_iteration3.TestOrderDiscount" name="test_order_line_uses_product_discount" time="0.275" /><testcase classname="backend.tests.test_iteration3.TestOrderDiscount" name="test_order_line_zero_discount" time="0.275" /></testsuite></testsuites>