<?xml version="1.0" encoding="utf-8"?><testsuites name="pytest tests"><testsuite name="pytest" errors="0" failures="0" skipped="0" tests="15" time="1.557" timestamp="2026-07-01T21:50:54.450983+00:00" hostname="agent-env-8e22202a-0207-4f34-a711-8951b12c16cd"><testcase classname="backend.tests.test_easy_order.TestHealth" name="test_root" time="0.276" /><testcase classname="backend.tests.test_easy_order.TestHealth" name="test_seeded_products_have_manufacturer_and_vat" time="0.082" /><testcase classname="backend.tests.test_easy_order.TestHealth" name="test_seeded_customers_have_pib" time="0.067" /><testcase classname="backend.tests.test_easy_order.TestProducts" name="test_create_with_manufacturer_vat" time="0.074" /><testcase classname="backend.tests.test_easy_order.TestProducts" name="test_get_preserves_new_fields" time="0.075" /><testcase classname="backend.tests.test_easy_order.TestProducts" name="test_update_new_fields" time="0.069" /><testcase classname="backend.tests.test_easy_order.TestProducts" name="test_delete" time="0.068" /><testcase classname="backend.tests.test_easy_order.TestCustomers" name="test_create_with_pib" time="0.075" /><testcase classname="backend.tests.test_easy_order.TestCustomers" name="test_get_preserves_pib" time="0.068" /><testcase classname="backend.tests.test_easy_order.TestCustomers" name="test_update_pib" time="0.073" /><testcase classname="backend.tests.test_easy_order.TestCustomers" name="test_delete" time="0.062" /><testcase classname="backend.tests.test_easy_order.TestOrderSnapshot" name="test_setup" time="0.131" /><testcase classname="backend.tests.test_easy_order.TestOrderSnapshot" name="test_create_order_preserves_snapshot" time="0.070" /><testcase classname="backend.tests.test_easy_order.TestOrderSnapshot" name="test_get_order_snapshot" time="0.069" /><testcase classname="backend.tests.test_easy_order.TestOrderSnapshot" name="test_cleanup" time="0.217" /></testsuite></testsuites>